{"/home/alvarovilla/url-shortener/source/config/redis.ts": {"path":"/home/alvarovilla/url-shortener/source/config/redis.ts","statementMap":{"0":{"start":{"line":2,"column":0},"end":{"line":2,"column":21}},"1":{"start":{"line":4,"column":13},"end":{"line":4,"column":51}},"2":{"start":{"line":5,"column":13},"end":{"line":5,"column":50}},"3":{"start":{"line":7,"column":14},"end":{"line":7,"column":35}}},"fnMap":{},"branchMap":{"0":{"loc":{"start":{"line":4,"column":13},"end":{"line":4,"column":51}},"type":"binary-expr","locations":[{"start":{"line":4,"column":13},"end":{"line":4,"column":43}},{"start":{"line":4,"column":47},"end":{"line":4,"column":51}}],"line":4},"1":{"loc":{"start":{"line":5,"column":13},"end":{"line":5,"column":50}},"type":"binary-expr","locations":[{"start":{"line":5,"column":13},"end":{"line":5,"column":35}},{"start":{"line":5,"column":39},"end":{"line":5,"column":50}}],"line":5}},"s":{"0":2,"1":2,"2":2,"3":2},"f":{},"b":{"0":[2,2],"1":[2,2]},"_coverageSchema":"1a1c01bbd47fc00a2c39e90264f33305004495a9","hash":"5f611e682adb399d7fa0343bb54db8a0409744e3"}
,"/home/alvarovilla/url-shortener/source/controllers/url.controller.ts": {"path":"/home/alvarovilla/url-shortener/source/controllers/url.controller.ts","statementMap":{"0":{"start":{"line":9,"column":25},"end":{"line":9,"column":33}},"1":{"start":{"line":11,"column":19},"end":{"line":11,"column":50}},"2":{"start":{"line":13,"column":4},"end":{"line":18,"column":7}},"3":{"start":{"line":25,"column":20},"end":{"line":25,"column":30}},"4":{"start":{"line":27,"column":4},"end":{"line":45,"column":5}},"5":{"start":{"line":28,"column":19},"end":{"line":28,"column":59}},"6":{"start":{"line":30,"column":6},"end":{"line":36,"column":7}},"7":{"start":{"line":31,"column":8},"end":{"line":35,"column":11}},"8":{"start":{"line":37,"column":6},"end":{"line":37,"column":32}},"9":{"start":{"line":39,"column":6},"end":{"line":44,"column":9}},"10":{"start":{"line":49,"column":29},"end":{"line":49,"column":48}}},"fnMap":{"0":{"name":"(anonymous_0)","decl":{"start":{"line":8,"column":2},"end":{"line":8,"column":3}},"loc":{"start":{"line":8,"column":66},"end":{"line":19,"column":3}},"line":8},"1":{"name":"(anonymous_1)","decl":{"start":{"line":21,"column":2},"end":{"line":21,"column":3}},"loc":{"start":{"line":24,"column":30},"end":{"line":46,"column":3}},"line":24}},"branchMap":{"0":{"loc":{"start":{"line":30,"column":6},"end":{"line":36,"column":7}},"type":"if","locations":[{"start":{"line":30,"column":6},"end":{"line":36,"column":7}},{"start":{},"end":{}}],"line":30}},"s":{"0":1,"1":1,"2":1,"3":3,"4":3,"5":3,"6":2,"7":1,"8":1,"9":1,"10":1},"f":{"0":1,"1":3},"b":{"0":[1,1]},"_coverageSchema":"1a1c01bbd47fc00a2c39e90264f33305004495a9","hash":"e15e29b6b5cf05a217ea30c4704ea4dc38c9e78f"}
,"/home/alvarovilla/url-shortener/source/handlers/responseHandler.ts": {"path":"/home/alvarovilla/url-shortener/source/handlers/responseHandler.ts","statementMap":{"0":{"start":{"line":10,"column":2},"end":{"line":15,"column":5}}},"fnMap":{"0":{"name":"responseHelper","decl":{"start":{"line":3,"column":15},"end":{"line":3,"column":29}},"loc":{"start":{"line":9,"column":17},"end":{"line":16,"column":1}},"line":9}},"branchMap":{},"s":{"0":2},"f":{"0":2},"b":{},"_coverageSchema":"1a1c01bbd47fc00a2c39e90264f33305004495a9","hash":"41bfcd7d2df8ba90ba61c7b04c0a0a1c40d2c69b"}
,"/home/alvarovilla/url-shortener/source/helpers/logger.ts": {"path":"/home/alvarovilla/url-shortener/source/helpers/logger.ts","statementMap":{"0":{"start":{"line":4,"column":2},"end":{"line":14,"column":5}}},"fnMap":{"0":{"name":"generateLogger","decl":{"start":{"line":3,"column":9},"end":{"line":3,"column":23}},"loc":{"start":{"line":3,"column":26},"end":{"line":15,"column":1}},"line":3}},"branchMap":{},"s":{"0":2},"f":{"0":2},"b":{},"_coverageSchema":"1a1c01bbd47fc00a2c39e90264f33305004495a9","hash":"474c13f12c299e01d12c46ea7b4e78ce9775c0ce"}
,"/home/alvarovilla/url-shortener/source/helpers/sanitizeObject.ts": {"path":"/home/alvarovilla/url-shortener/source/helpers/sanitizeObject.ts","statementMap":{"0":{"start":{"line":2,"column":24},"end":{"line":2,"column":26}},"1":{"start":{"line":3,"column":2},"end":{"line":7,"column":3}},"2":{"start":{"line":4,"column":4},"end":{"line":6,"column":5}},"3":{"start":{"line":5,"column":6},"end":{"line":5,"column":66}},"4":{"start":{"line":8,"column":2},"end":{"line":8,"column":25}}},"fnMap":{"0":{"name":"sanitizeObject","decl":{"start":{"line":1,"column":9},"end":{"line":1,"column":23}},"loc":{"start":{"line":1,"column":69},"end":{"line":9,"column":1}},"line":1}},"branchMap":{"0":{"loc":{"start":{"line":4,"column":4},"end":{"line":6,"column":5}},"type":"if","locations":[{"start":{"line":4,"column":4},"end":{"line":6,"column":5}},{"start":{},"end":{}}],"line":4}},"s":{"0":5,"1":5,"2":11,"3":7,"4":5},"f":{"0":5},"b":{"0":[7,4]},"_coverageSchema":"1a1c01bbd47fc00a2c39e90264f33305004495a9","hash":"aa673dc265ecd8dd6e0949b5df6e4a590f489d06"}
,"/home/alvarovilla/url-shortener/source/middlewares/logger.middleware.ts": {"path":"/home/alvarovilla/url-shortener/source/middlewares/logger.middleware.ts","statementMap":{"0":{"start":{"line":12,"column":17},"end":{"line":12,"column":33}},"1":{"start":{"line":13,"column":16},"end":{"line":13,"column":26}},"2":{"start":{"line":15,"column":2},"end":{"line":40,"column":5}},"3":{"start":{"line":16,"column":21},"end":{"line":16,"column":39}},"4":{"start":{"line":18,"column":23},"end":{"line":26,"column":5}},"5":{"start":{"line":28,"column":4},"end":{"line":33,"column":11}},"6":{"start":{"line":35,"column":4},"end":{"line":39,"column":9}},"7":{"start":{"line":42,"column":2},"end":{"line":42,"column":9}}},"fnMap":{"0":{"name":"loggerMiddleware","decl":{"start":{"line":7,"column":15},"end":{"line":7,"column":31}},"loc":{"start":{"line":11,"column":2},"end":{"line":43,"column":1}},"line":11},"1":{"name":"(anonymous_1)","decl":{"start":{"line":15,"column":19},"end":{"line":15,"column":20}},"loc":{"start":{"line":15,"column":25},"end":{"line":40,"column":3}},"line":15}},"branchMap":{"0":{"loc":{"start":{"line":28,"column":4},"end":{"line":33,"column":10}},"type":"cond-expr","locations":[{"start":{"line":29,"column":8},"end":{"line":29,"column":31}},{"start":{"line":30,"column":8},"end":{"line":33,"column":10}}],"line":28},"1":{"loc":{"start":{"line":28,"column":4},"end":{"line":28,"column":50}},"type":"binary-expr","locations":[{"start":{"line":28,"column":4},"end":{"line":28,"column":24}},{"start":{"line":28,"column":28},"end":{"line":28,"column":50}}],"line":28},"2":{"loc":{"start":{"line":35,"column":4},"end":{"line":39,"column":8}},"type":"binary-expr","locations":[{"start":{"line":35,"column":4},"end":{"line":35,"column":25}},{"start":{"line":36,"column":6},"end":{"line":39,"column":8}}],"line":35}},"s":{"0":3,"1":3,"2":3,"3":3,"4":3,"5":3,"6":3,"7":3},"f":{"0":3,"1":3},"b":{"0":[1,2],"1":[3,1],"2":[3,1]},"_coverageSchema":"1a1c01bbd47fc00a2c39e90264f33305004495a9","hash":"b6f3fee54622d1f37f5fa9f9892b929b4fb0300f"}
,"/home/alvarovilla/url-shortener/source/models/url.model.ts": {"path":"/home/alvarovilla/url-shortener/source/models/url.model.ts","statementMap":{"0":{"start":{"line":5,"column":12},"end":{"line":5,"column":49}},"1":{"start":{"line":7,"column":18},"end":{"line":36,"column":1}},"2":{"start":{"line":29,"column":8},"end":{"line":32,"column":10}},"3":{"start":{"line":38,"column":0},"end":{"line":40,"column":3}},"4":{"start":{"line":39,"column":2},"end":{"line":39,"column":46}}},"fnMap":{"0":{"name":"(anonymous_0)","decl":{"start":{"line":28,"column":6},"end":{"line":28,"column":7}},"loc":{"start":{"line":28,"column":39},"end":{"line":33,"column":7}},"line":28},"1":{"name":"(anonymous_1)","decl":{"start":{"line":38,"column":23},"end":{"line":38,"column":24}},"loc":{"start":{"line":38,"column":48},"end":{"line":40,"column":1}},"line":38}},"branchMap":{"0":{"loc":{"start":{"line":5,"column":12},"end":{"line":5,"column":49}},"type":"binary-expr","locations":[{"start":{"line":5,"column":12},"end":{"line":5,"column":33}},{"start":{"line":5,"column":37},"end":{"line":5,"column":49}}],"line":5}},"s":{"0":2,"1":2,"2":0,"3":2,"4":2},"f":{"0":0,"1":2},"b":{"0":[2,2]},"_coverageSchema":"1a1c01bbd47fc00a2c39e90264f33305004495a9","hash":"8e60f5668426ad57280df477b7396dedb82e11e8"}
,"/home/alvarovilla/url-shortener/source/services/url.service.ts": {"path":"/home/alvarovilla/url-shortener/source/services/url.service.ts","statementMap":{"0":{"start":{"line":6,"column":12},"end":{"line":6,"column":49}},"1":{"start":{"line":7,"column":14},"end":{"line":7,"column":18}},"2":{"start":{"line":11,"column":24},"end":{"line":11,"column":50}},"3":{"start":{"line":13,"column":4},"end":{"line":15,"column":5}},"4":{"start":{"line":14,"column":6},"end":{"line":14,"column":25}},"5":{"start":{"line":17,"column":21},"end":{"line":17,"column":40}},"6":{"start":{"line":18,"column":19},"end":{"line":18,"column":54}},"7":{"start":{"line":19,"column":4},"end":{"line":19,"column":24}},"8":{"start":{"line":21,"column":4},"end":{"line":23,"column":5}},"9":{"start":{"line":22,"column":6},"end":{"line":22,"column":48}},"10":{"start":{"line":25,"column":4},"end":{"line":25,"column":18}},"11":{"start":{"line":29,"column":22},"end":{"line":29,"column":62}},"12":{"start":{"line":31,"column":4},"end":{"line":33,"column":5}},"13":{"start":{"line":32,"column":6},"end":{"line":32,"column":23}},"14":{"start":{"line":35,"column":16},"end":{"line":35,"column":47}},"15":{"start":{"line":36,"column":4},"end":{"line":36,"column":32}},"16":{"start":{"line":40,"column":26},"end":{"line":40,"column":42}}},"fnMap":{"0":{"name":"(anonymous_0)","decl":{"start":{"line":10,"column":2},"end":{"line":10,"column":3}},"loc":{"start":{"line":10,"column":70},"end":{"line":26,"column":3}},"line":10},"1":{"name":"(anonymous_1)","decl":{"start":{"line":28,"column":2},"end":{"line":28,"column":3}},"loc":{"start":{"line":28,"column":69},"end":{"line":37,"column":3}},"line":28}},"branchMap":{"0":{"loc":{"start":{"line":6,"column":12},"end":{"line":6,"column":49}},"type":"binary-expr","locations":[{"start":{"line":6,"column":12},"end":{"line":6,"column":33}},{"start":{"line":6,"column":37},"end":{"line":6,"column":49}}],"line":6},"1":{"loc":{"start":{"line":13,"column":4},"end":{"line":15,"column":5}},"type":"if","locations":[{"start":{"line":13,"column":4},"end":{"line":15,"column":5}},{"start":{},"end":{}}],"line":13},"2":{"loc":{"start":{"line":21,"column":4},"end":{"line":23,"column":5}},"type":"if","locations":[{"start":{"line":21,"column":4},"end":{"line":23,"column":5}},{"start":{},"end":{}}],"line":21},"3":{"loc":{"start":{"line":29,"column":22},"end":{"line":29,"column":62}},"type":"cond-expr","locations":[{"start":{"line":29,"column":30},"end":{"line":29,"column":55}},{"start":{"line":29,"column":58},"end":{"line":29,"column":62}}],"line":29},"4":{"loc":{"start":{"line":31,"column":4},"end":{"line":33,"column":5}},"type":"if","locations":[{"start":{"line":31,"column":4},"end":{"line":33,"column":5}},{"start":{},"end":{}}],"line":31},"5":{"loc":{"start":{"line":36,"column":11},"end":{"line":36,"column":31}},"type":"cond-expr","locations":[{"start":{"line":36,"column":17},"end":{"line":36,"column":24}},{"start":{"line":36,"column":27},"end":{"line":36,"column":31}}],"line":36}},"s":{"0":2,"1":2,"2":2,"3":2,"4":1,"5":1,"6":1,"7":1,"8":1,"9":1,"10":1,"11":3,"12":3,"13":1,"14":2,"15":2,"16":2},"f":{"0":2,"1":3},"b":{"0":[2,2],"1":[1,1],"2":[1,0],"3":[3,0],"4":[1,2],"5":[1,1]},"_coverageSchema":"1a1c01bbd47fc00a2c39e90264f33305004495a9","hash":"73b12d54cc7ecfac3b79f2ab60c62c9ed6e7e888"}
,"/home/alvarovilla/url-shortener/source/utils/headersBlacklist.ts": {"path":"/home/alvarovilla/url-shortener/source/utils/headersBlacklist.ts","statementMap":{"0":{"start":{"line":1,"column":41},"end":{"line":1,"column":110}}},"fnMap":{},"branchMap":{},"s":{"0":1},"f":{},"b":{},"_coverageSchema":"1a1c01bbd47fc00a2c39e90264f33305004495a9","hash":"e62ec6398c8afae9c3e933b3465a30b74efd6307"}
,"/home/alvarovilla/url-shortener/source/utils/requestBlacklist.ts": {"path":"/home/alvarovilla/url-shortener/source/utils/requestBlacklist.ts","statementMap":{"0":{"start":{"line":1,"column":42},"end":{"line":1,"column":73}}},"fnMap":{},"branchMap":{},"s":{"0":1},"f":{},"b":{},"_coverageSchema":"1a1c01bbd47fc00a2c39e90264f33305004495a9","hash":"5ca5c4437230b8e1005234f2ce5737c3b3ff8108"}
,"/home/alvarovilla/url-shortener/source/utils/responsesEnum.ts": {"path":"/home/alvarovilla/url-shortener/source/utils/responsesEnum.ts","statementMap":{},"fnMap":{},"branchMap":{},"s":{},"f":{},"b":{},"_coverageSchema":"1a1c01bbd47fc00a2c39e90264f33305004495a9","hash":"b6c31e1c5a52e9d79fb766140d3258df6b061786"}
}
