TN:
SF:source/config/redis.ts
FNF:0
FNH:0
DA:2,2
DA:4,2
DA:5,2
DA:7,2
LF:4
LH:4
BRDA:4,0,0,2
BRDA:4,0,1,2
BRDA:5,1,0,2
BRDA:5,1,1,2
BRF:4
BRH:4
end_of_record
TN:
SF:source/controllers/url.controller.ts
FN:8,(anonymous_0)
FN:21,(anonymous_1)
FNF:2
FNH:2
FNDA:1,(anonymous_0)
FNDA:3,(anonymous_1)
DA:9,1
DA:11,1
DA:13,1
DA:25,3
DA:27,3
DA:28,3
DA:30,2
DA:31,1
DA:37,1
DA:39,1
DA:49,1
LF:11
LH:11
BRDA:30,0,0,1
BRDA:30,0,1,1
BRF:2
BRH:2
end_of_record
TN:
SF:source/handlers/responseHandler.ts
FN:3,responseHelper
FNF:1
FNH:1
FNDA:2,responseHelper
DA:10,2
LF:1
LH:1
BRF:0
BRH:0
end_of_record
TN:
SF:source/helpers/logger.ts
FN:3,generateLogger
FNF:1
FNH:1
FNDA:2,generateLogger
DA:4,2
LF:1
LH:1
BRF:0
BRH:0
end_of_record
TN:
SF:source/helpers/sanitizeObject.ts
FN:1,sanitizeObject
FNF:1
FNH:1
FNDA:5,sanitizeObject
DA:2,5
DA:3,5
DA:4,11
DA:5,7
DA:8,5
LF:5
LH:5
BRDA:4,0,0,7
BRDA:4,0,1,4
BRF:2
BRH:2
end_of_record
TN:
SF:source/middlewares/logger.middleware.ts
FN:7,loggerMiddleware
FN:15,(anonymous_1)
FNF:2
FNH:2
FNDA:3,loggerMiddleware
FNDA:3,(anonymous_1)
DA:12,3
DA:13,3
DA:15,3
DA:16,3
DA:18,3
DA:28,3
DA:35,3
DA:42,3
LF:8
LH:8
BRDA:28,0,0,1
BRDA:28,0,1,2
BRDA:28,1,0,3
BRDA:28,1,1,1
BRDA:35,2,0,3
BRDA:35,2,1,1
BRF:6
BRH:6
end_of_record
TN:
SF:source/models/url.model.ts
FN:28,(anonymous_0)
FN:38,(anonymous_1)
FNF:2
FNH:1
FNDA:0,(anonymous_0)
FNDA:2,(anonymous_1)
DA:5,2
DA:7,2
DA:29,0
DA:38,2
DA:39,2
LF:5
LH:4
BRDA:5,0,0,2
BRDA:5,0,1,2
BRF:2
BRH:2
end_of_record
TN:
SF:source/services/url.service.ts
FN:10,(anonymous_0)
FN:28,(anonymous_1)
FNF:2
FNH:2
FNDA:2,(anonymous_0)
FNDA:3,(anonymous_1)
DA:6,2
DA:7,2
DA:11,2
DA:13,2
DA:14,1
DA:17,1
DA:18,1
DA:19,1
DA:21,1
DA:22,1
DA:25,1
DA:29,3
DA:31,3
DA:32,1
DA:35,2
DA:36,2
DA:40,2
LF:17
LH:17
BRDA:6,0,0,2
BRDA:6,0,1,2
BRDA:13,1,0,1
BRDA:13,1,1,1
BRDA:21,2,0,1
BRDA:21,2,1,0
BRDA:29,3,0,3
BRDA:29,3,1,0
BRDA:31,4,0,1
BRDA:31,4,1,2
BRDA:36,5,0,1
BRDA:36,5,1,1
BRF:12
BRH:10
end_of_record
TN:
SF:source/utils/headersBlacklist.ts
FNF:0
FNH:0
DA:1,1
LF:1
LH:1
BRF:0
BRH:0
end_of_record
TN:
SF:source/utils/requestBlacklist.ts
FNF:0
FNH:0
DA:1,1
LF:1
LH:1
BRF:0
BRH:0
end_of_record
TN:
SF:source/utils/responsesEnum.ts
FNF:0
FNH:0
LF:0
LH:0
BRF:0
BRH:0
end_of_record
